{"numFailedTestSuites":1,"numFailedTests":8,"numPassedTestSuites":0,"numPassedTests":6,"numPendingTestSuites":0,"numPendingTests":0,"numRuntimeErrorTestSuites":0,"numTodoTests":0,"numTotalTestSuites":1,"numTotalTests":14,"openHandles":[],"snapshot":{"added":0,"didUpdate":false,"failure":false,"filesAdded":0,"filesRemoved":0,"filesRemovedList":[],"filesUnmatched":0,"filesUpdated":0,"matched":0,"total":0,"unchecked":0,"uncheckedKeysByFile":[],"unmatched":0,"updated":0},"startTime":1768295990579,"success":false,"testResults":[{"assertionResults":[{"ancestorTitles":["Email Validation"],"duration":3,"failureDetails":[],"failureMessages":[],"fullName":"Email Validation should validate correct email formats","invocations":1,"location":null,"numPassingAsserts":3,"retryReasons":[],"status":"passed","title":"should validate correct email formats"},{"ancestorTitles":["Email Validation"],"duration":0,"failureDetails":[],"failureMessages":[],"fullName":"Email Validation should reject invalid email formats","invocations":1,"location":null,"numPassingAsserts":4,"retryReasons":[],"status":"passed","title":"should reject invalid email formats"},{"ancestorTitles":["Password Validation"],"duration":1,"failureDetails":[],"failureMessages":[],"fullName":"Password Validation should validate strong passwords","invocations":1,"location":null,"numPassingAsserts":3,"retryReasons":[],"status":"passed","title":"should validate strong passwords"},{"ancestorTitles":["Password Validation"],"duration":1,"failureDetails":[],"failureMessages":[],"fullName":"Password Validation should reject weak passwords","invocations":1,"location":null,"numPassingAsserts":3,"retryReasons":[],"status":"passed","title":"should reject weak passwords"},{"ancestorTitles":["Rate Limiting"],"duration":1,"failureDetails":[],"failureMessages":[],"fullName":"Rate Limiting should allow requests within limit","invocations":1,"location":null,"numPassingAsserts":3,"retryReasons":[],"status":"passed","title":"should allow requests within limit"},{"ancestorTitles":["Rate Limiting"],"duration":0,"failureDetails":[],"failureMessages":[],"fullName":"Rate Limiting should block requests exceeding limit","invocations":1,"location":null,"numPassingAsserts":1,"retryReasons":[],"status":"passed","title":"should block requests exceeding limit"},{"ancestorTitles":["Email Signup"],"duration":1,"failureDetails":[{}],"failureMessages":["Error: Not implemented: Email signup feature\n    at signup (C:\\client\\VibeCI\\demo_repo\\src\\auth.ts:105:11)\n    at Object.<anonymous> (C:\\client\\VibeCI\\demo_repo\\tests\\auth.test.ts:75:36)\n    at Promise.then.completed (C:\\client\\VibeCI\\demo_repo\\node_modules\\jest-circus\\build\\utils.js:298:28)\n    at new Promise (<anonymous>)\n    at callAsyncCircusFn (C:\\client\\VibeCI\\demo_repo\\node_modules\\jest-circus\\build\\utils.js:231:10)\n    at _callCircusTest (C:\\client\\VibeCI\\demo_repo\\node_modules\\jest-circus\\build\\run.js:316:40)\n    at processTicksAndRejections (node:internal/process/task_queues:105:5)\n    at _runTest (C:\\client\\VibeCI\\demo_repo\\node_modules\\jest-circus\\build\\run.js:252:3)\n    at _runTestsForDescribeBlock (C:\\client\\VibeCI\\demo_repo\\node_modules\\jest-circus\\build\\run.js:126:9)\n    at _runTestsForDescribeBlock (C:\\client\\VibeCI\\demo_repo\\node_modules\\jest-circus\\build\\run.js:121:9)\n    at run (C:\\client\\VibeCI\\demo_repo\\node_modules\\jest-circus\\build\\run.js:71:3)\n    at runAndTransformResultsToJestFormat (C:\\client\\VibeCI\\demo_repo\\node_modules\\jest-circus\\build\\legacy-code-todo-rewrite\\jestAdapterInit.js:122:21)\n    at jestAdapter (C:\\client\\VibeCI\\demo_repo\\node_modules\\jest-circus\\build\\legacy-code-todo-rewrite\\jestAdapter.js:79:19)\n    at runTestInternal (C:\\client\\VibeCI\\demo_repo\\node_modules\\jest-runner\\build\\runTest.js:367:16)\n    at runTest (C:\\client\\VibeCI\\demo_repo\\node_modules\\jest-runner\\build\\runTest.js:444:34)"],"fullName":"Email Signup should successfully create a new user with valid email and password","invocations":1,"location":null,"numPassingAsserts":0,"retryReasons":[],"status":"failed","title":"should successfully create a new user with valid email and password"},{"ancestorTitles":["Email Signup"],"duration":1,"failureDetails":[{}],"failureMessages":["Error: Not implemented: Email signup feature\n    at signup (C:\\client\\VibeCI\\demo_repo\\src\\auth.ts:105:11)\n    at Object.<anonymous> (C:\\client\\VibeCI\\demo_repo\\tests\\auth.test.ts:87:36)\n    at Promise.then.completed (C:\\client\\VibeCI\\demo_repo\\node_modules\\jest-circus\\build\\utils.js:298:28)\n    at new Promise (<anonymous>)\n    at callAsyncCircusFn (C:\\client\\VibeCI\\demo_repo\\node_modules\\jest-circus\\build\\utils.js:231:10)\n    at _callCircusTest (C:\\client\\VibeCI\\demo_repo\\node_modules\\jest-circus\\build\\run.js:316:40)\n    at processTicksAndRejections (node:internal/process/task_queues:105:5)\n    at _runTest (C:\\client\\VibeCI\\demo_repo\\node_modules\\jest-circus\\build\\run.js:252:3)\n    at _runTestsForDescribeBlock (C:\\client\\VibeCI\\demo_repo\\node_modules\\jest-circus\\build\\run.js:126:9)\n    at _runTestsForDescribeBlock (C:\\client\\VibeCI\\demo_repo\\node_modules\\jest-circus\\build\\run.js:121:9)\n    at run (C:\\client\\VibeCI\\demo_repo\\node_modules\\jest-circus\\build\\run.js:71:3)\n    at runAndTransformResultsToJestFormat (C:\\client\\VibeCI\\demo_repo\\node_modules\\jest-circus\\build\\legacy-code-todo-rewrite\\jestAdapterInit.js:122:21)\n    at jestAdapter (C:\\client\\VibeCI\\demo_repo\\node_modules\\jest-circus\\build\\legacy-code-todo-rewrite\\jestAdapter.js:79:19)\n    at runTestInternal (C:\\client\\VibeCI\\demo_repo\\node_modules\\jest-runner\\build\\runTest.js:367:16)\n    at runTest (C:\\client\\VibeCI\\demo_repo\\node_modules\\jest-runner\\build\\runTest.js:444:34)"],"fullName":"Email Signup should reject signup with invalid email","invocations":1,"location":null,"numPassingAsserts":0,"retryReasons":[],"status":"failed","title":"should reject signup with invalid email"},{"ancestorTitles":["Email Signup"],"duration":0,"failureDetails":[{}],"failureMessages":["Error: Not implemented: Email signup feature\n    at signup (C:\\client\\VibeCI\\demo_repo\\src\\auth.ts:105:11)\n    at Object.<anonymous> (C:\\client\\VibeCI\\demo_repo\\tests\\auth.test.ts:97:36)\n    at Promise.then.completed (C:\\client\\VibeCI\\demo_repo\\node_modules\\jest-circus\\build\\utils.js:298:28)\n    at new Promise (<anonymous>)\n    at callAsyncCircusFn (C:\\client\\VibeCI\\demo_repo\\node_modules\\jest-circus\\build\\utils.js:231:10)\n    at _callCircusTest (C:\\client\\VibeCI\\demo_repo\\node_modules\\jest-circus\\build\\run.js:316:40)\n    at processTicksAndRejections (node:internal/process/task_queues:105:5)\n    at _runTest (C:\\client\\VibeCI\\demo_repo\\node_modules\\jest-circus\\build\\run.js:252:3)\n    at _runTestsForDescribeBlock (C:\\client\\VibeCI\\demo_repo\\node_modules\\jest-circus\\build\\run.js:126:9)\n    at _runTestsForDescribeBlock (C:\\client\\VibeCI\\demo_repo\\node_modules\\jest-circus\\build\\run.js:121:9)\n    at run (C:\\client\\VibeCI\\demo_repo\\node_modules\\jest-circus\\build\\run.js:71:3)\n    at runAndTransformResultsToJestFormat (C:\\client\\VibeCI\\demo_repo\\node_modules\\jest-circus\\build\\legacy-code-todo-rewrite\\jestAdapterInit.js:122:21)\n    at jestAdapter (C:\\client\\VibeCI\\demo_repo\\node_modules\\jest-circus\\build\\legacy-code-todo-rewrite\\jestAdapter.js:79:19)\n    at runTestInternal (C:\\client\\VibeCI\\demo_repo\\node_modules\\jest-runner\\build\\runTest.js:367:16)\n    at runTest (C:\\client\\VibeCI\\demo_repo\\node_modules\\jest-runner\\build\\runTest.js:444:34)"],"fullName":"Email Signup should reject signup with weak password","invocations":1,"location":null,"numPassingAsserts":0,"retryReasons":[],"status":"failed","title":"should reject signup with weak password"},{"ancestorTitles":["Email Signup"],"duration":0,"failureDetails":[{}],"failureMessages":["Error: Not implemented: Email signup feature\n    at signup (C:\\client\\VibeCI\\demo_repo\\src\\auth.ts:105:11)\n    at Object.<anonymous> (C:\\client\\VibeCI\\demo_repo\\tests\\auth.test.ts:108:21)\n    at Promise.then.completed (C:\\client\\VibeCI\\demo_repo\\node_modules\\jest-circus\\build\\utils.js:298:28)\n    at new Promise (<anonymous>)\n    at callAsyncCircusFn (C:\\client\\VibeCI\\demo_repo\\node_modules\\jest-circus\\build\\utils.js:231:10)\n    at _callCircusTest (C:\\client\\VibeCI\\demo_repo\\node_modules\\jest-circus\\build\\run.js:316:40)\n    at processTicksAndRejections (node:internal/process/task_queues:105:5)\n    at _runTest (C:\\client\\VibeCI\\demo_repo\\node_modules\\jest-circus\\build\\run.js:252:3)\n    at _runTestsForDescribeBlock (C:\\client\\VibeCI\\demo_repo\\node_modules\\jest-circus\\build\\run.js:126:9)\n    at _runTestsForDescribeBlock (C:\\client\\VibeCI\\demo_repo\\node_modules\\jest-circus\\build\\run.js:121:9)\n    at run (C:\\client\\VibeCI\\demo_repo\\node_modules\\jest-circus\\build\\run.js:71:3)\n    at runAndTransformResultsToJestFormat (C:\\client\\VibeCI\\demo_repo\\node_modules\\jest-circus\\build\\legacy-code-todo-rewrite\\jestAdapterInit.js:122:21)\n    at jestAdapter (C:\\client\\VibeCI\\demo_repo\\node_modules\\jest-circus\\build\\legacy-code-todo-rewrite\\jestAdapter.js:79:19)\n    at runTestInternal (C:\\client\\VibeCI\\demo_repo\\node_modules\\jest-runner\\build\\runTest.js:367:16)\n    at runTest (C:\\client\\VibeCI\\demo_repo\\node_modules\\jest-runner\\build\\runTest.js:444:34)"],"fullName":"Email Signup should reject duplicate email registration","invocations":1,"location":null,"numPassingAsserts":0,"retryReasons":[],"status":"failed","title":"should reject duplicate email registration"},{"ancestorTitles":["Email Signup"],"duration":1,"failureDetails":[{}],"failureMessages":["Error: Not implemented: Email signup feature\n    at signup (C:\\client\\VibeCI\\demo_repo\\src\\auth.ts:105:11)\n    at Object.<anonymous> (C:\\client\\VibeCI\\demo_repo\\tests\\auth.test.ts:134:36)\n    at processTicksAndRejections (node:internal/process/task_queues:105:5)"],"fullName":"Email Signup should enforce rate limiting on signup attempts","invocations":1,"location":null,"numPassingAsserts":0,"retryReasons":[],"status":"failed","title":"should enforce rate limiting on signup attempts"},{"ancestorTitles":["Email Signup"],"duration":1,"failureDetails":[{}],"failureMessages":["Error: Not implemented: Email signup feature\n    at signup (C:\\client\\VibeCI\\demo_repo\\src\\auth.ts:105:11)\n    at Object.<anonymous> (C:\\client\\VibeCI\\demo_repo\\tests\\auth.test.ts:145:21)\n    at Promise.then.completed (C:\\client\\VibeCI\\demo_repo\\node_modules\\jest-circus\\build\\utils.js:298:28)\n    at new Promise (<anonymous>)\n    at callAsyncCircusFn (C:\\client\\VibeCI\\demo_repo\\node_modules\\jest-circus\\build\\utils.js:231:10)\n    at _callCircusTest (C:\\client\\VibeCI\\demo_repo\\node_modules\\jest-circus\\build\\run.js:316:40)\n    at processTicksAndRejections (node:internal/process/task_queues:105:5)\n    at _runTest (C:\\client\\VibeCI\\demo_repo\\node_modules\\jest-circus\\build\\run.js:252:3)\n    at _runTestsForDescribeBlock (C:\\client\\VibeCI\\demo_repo\\node_modules\\jest-circus\\build\\run.js:126:9)\n    at _runTestsForDescribeBlock (C:\\client\\VibeCI\\demo_repo\\node_modules\\jest-circus\\build\\run.js:121:9)\n    at run (C:\\client\\VibeCI\\demo_repo\\node_modules\\jest-circus\\build\\run.js:71:3)\n    at runAndTransformResultsToJestFormat (C:\\client\\VibeCI\\demo_repo\\node_modules\\jest-circus\\build\\legacy-code-todo-rewrite\\jestAdapterInit.js:122:21)\n    at jestAdapter (C:\\client\\VibeCI\\demo_repo\\node_modules\\jest-circus\\build\\legacy-code-todo-rewrite\\jestAdapter.js:79:19)\n    at runTestInternal (C:\\client\\VibeCI\\demo_repo\\node_modules\\jest-runner\\build\\runTest.js:367:16)\n    at runTest (C:\\client\\VibeCI\\demo_repo\\node_modules\\jest-runner\\build\\runTest.js:444:34)"],"fullName":"Email Signup should hash password before storing","invocations":1,"location":null,"numPassingAsserts":0,"retryReasons":[],"status":"failed","title":"should hash password before storing"},{"ancestorTitles":["Login"],"duration":0,"failureDetails":[{}],"failureMessages":["Error: Not implemented: Email signup feature\n    at signup (C:\\client\\VibeCI\\demo_repo\\src\\auth.ts:105:11)\n    at Object.<anonymous> (C:\\client\\VibeCI\\demo_repo\\tests\\auth.test.ts:164:21)\n    at Promise.then.completed (C:\\client\\VibeCI\\demo_repo\\node_modules\\jest-circus\\build\\utils.js:298:28)\n    at new Promise (<anonymous>)\n    at callAsyncCircusFn (C:\\client\\VibeCI\\demo_repo\\node_modules\\jest-circus\\build\\utils.js:231:10)\n    at _callCircusTest (C:\\client\\VibeCI\\demo_repo\\node_modules\\jest-circus\\build\\run.js:316:40)\n    at processTicksAndRejections (node:internal/process/task_queues:105:5)\n    at _runTest (C:\\client\\VibeCI\\demo_repo\\node_modules\\jest-circus\\build\\run.js:252:3)\n    at _runTestsForDescribeBlock (C:\\client\\VibeCI\\demo_repo\\node_modules\\jest-circus\\build\\run.js:126:9)\n    at _runTestsForDescribeBlock (C:\\client\\VibeCI\\demo_repo\\node_modules\\jest-circus\\build\\run.js:121:9)\n    at run (C:\\client\\VibeCI\\demo_repo\\node_modules\\jest-circus\\build\\run.js:71:3)\n    at runAndTransformResultsToJestFormat (C:\\client\\VibeCI\\demo_repo\\node_modules\\jest-circus\\build\\legacy-code-todo-rewrite\\jestAdapterInit.js:122:21)\n    at jestAdapter (C:\\client\\VibeCI\\demo_repo\\node_modules\\jest-circus\\build\\legacy-code-todo-rewrite\\jestAdapter.js:79:19)\n    at runTestInternal (C:\\client\\VibeCI\\demo_repo\\node_modules\\jest-runner\\build\\runTest.js:367:16)\n    at runTest (C:\\client\\VibeCI\\demo_repo\\node_modules\\jest-runner\\build\\runTest.js:444:34)"],"fullName":"Login should login successfully after signup","invocations":1,"location":null,"numPassingAsserts":0,"retryReasons":[],"status":"failed","title":"should login successfully after signup"},{"ancestorTitles":["Login"],"duration":1,"failureDetails":[{}],"failureMessages":["Error: Not implemented: Email signup feature\n    at signup (C:\\client\\VibeCI\\demo_repo\\src\\auth.ts:105:11)\n    at Object.<anonymous> (C:\\client\\VibeCI\\demo_repo\\tests\\auth.test.ts:176:21)\n    at Promise.then.completed (C:\\client\\VibeCI\\demo_repo\\node_modules\\jest-circus\\build\\utils.js:298:28)\n    at new Promise (<anonymous>)\n    at callAsyncCircusFn (C:\\client\\VibeCI\\demo_repo\\node_modules\\jest-circus\\build\\utils.js:231:10)\n    at _callCircusTest (C:\\client\\VibeCI\\demo_repo\\node_modules\\jest-circus\\build\\run.js:316:40)\n    at processTicksAndRejections (node:internal/process/task_queues:105:5)\n    at _runTest (C:\\client\\VibeCI\\demo_repo\\node_modules\\jest-circus\\build\\run.js:252:3)\n    at _runTestsForDescribeBlock (C:\\client\\VibeCI\\demo_repo\\node_modules\\jest-circus\\build\\run.js:126:9)\n    at _runTestsForDescribeBlock (C:\\client\\VibeCI\\demo_repo\\node_modules\\jest-circus\\build\\run.js:121:9)\n    at run (C:\\client\\VibeCI\\demo_repo\\node_modules\\jest-circus\\build\\run.js:71:3)\n    at runAndTransformResultsToJestFormat (C:\\client\\VibeCI\\demo_repo\\node_modules\\jest-circus\\build\\legacy-code-todo-rewrite\\jestAdapterInit.js:122:21)\n    at jestAdapter (C:\\client\\VibeCI\\demo_repo\\node_modules\\jest-circus\\build\\legacy-code-todo-rewrite\\jestAdapter.js:79:19)\n    at runTestInternal (C:\\client\\VibeCI\\demo_repo\\node_modules\\jest-runner\\build\\runTest.js:367:16)\n    at runTest (C:\\client\\VibeCI\\demo_repo\\node_modules\\jest-runner\\build\\runTest.js:444:34)"],"fullName":"Login should reject login with wrong password","invocations":1,"location":null,"numPassingAsserts":0,"retryReasons":[],"status":"failed","title":"should reject login with wrong password"}],"endTime":1768295992870,"message":"  ● Email Signup › should successfully create a new user with valid email and password\n\n    Not implemented: Email signup feature\n\n    \u001b[0m \u001b[90m 103 |\u001b[39m     \u001b[90m// TODO: Implement email signup\u001b[39m\n     \u001b[90m 104 |\u001b[39m     \u001b[90m// This is intentionally left unimplemented for VibeCI to complete\u001b[39m\n    \u001b[31m\u001b[1m>\u001b[22m\u001b[39m\u001b[90m 105 |\u001b[39m     \u001b[36mthrow\u001b[39m \u001b[36mnew\u001b[39m \u001b[33mError\u001b[39m(\u001b[32m'Not implemented: Email signup feature'\u001b[39m)\u001b[33m;\u001b[39m\n     \u001b[90m     |\u001b[39m           \u001b[31m\u001b[1m^\u001b[22m\u001b[39m\n     \u001b[90m 106 |\u001b[39m }\n     \u001b[90m 107 |\u001b[39m\n     \u001b[90m 108 |\u001b[39m \u001b[90m/**\u001b[39m\u001b[0m\n\n      at signup (src/auth.ts:105:11)\n      at Object.<anonymous> (tests/auth.test.ts:75:36)\n\n  ● Email Signup › should reject signup with invalid email\n\n    Not implemented: Email signup feature\n\n    \u001b[0m \u001b[90m 103 |\u001b[39m     \u001b[90m// TODO: Implement email signup\u001b[39m\n     \u001b[90m 104 |\u001b[39m     \u001b[90m// This is intentionally left unimplemented for VibeCI to complete\u001b[39m\n    \u001b[31m\u001b[1m>\u001b[22m\u001b[39m\u001b[90m 105 |\u001b[39m     \u001b[36mthrow\u001b[39m \u001b[36mnew\u001b[39m \u001b[33mError\u001b[39m(\u001b[32m'Not implemented: Email signup feature'\u001b[39m)\u001b[33m;\u001b[39m\n     \u001b[90m     |\u001b[39m           \u001b[31m\u001b[1m^\u001b[22m\u001b[39m\n     \u001b[90m 106 |\u001b[39m }\n     \u001b[90m 107 |\u001b[39m\n     \u001b[90m 108 |\u001b[39m \u001b[90m/**\u001b[39m\u001b[0m\n\n      at signup (src/auth.ts:105:11)\n      at Object.<anonymous> (tests/auth.test.ts:87:36)\n\n  ● Email Signup › should reject signup with weak password\n\n    Not implemented: Email signup feature\n\n    \u001b[0m \u001b[90m 103 |\u001b[39m     \u001b[90m// TODO: Implement email signup\u001b[39m\n     \u001b[90m 104 |\u001b[39m     \u001b[90m// This is intentionally left unimplemented for VibeCI to complete\u001b[39m\n    \u001b[31m\u001b[1m>\u001b[22m\u001b[39m\u001b[90m 105 |\u001b[39m     \u001b[36mthrow\u001b[39m \u001b[36mnew\u001b[39m \u001b[33mError\u001b[39m(\u001b[32m'Not implemented: Email signup feature'\u001b[39m)\u001b[33m;\u001b[39m\n     \u001b[90m     |\u001b[39m           \u001b[31m\u001b[1m^\u001b[22m\u001b[39m\n     \u001b[90m 106 |\u001b[39m }\n     \u001b[90m 107 |\u001b[39m\n     \u001b[90m 108 |\u001b[39m \u001b[90m/**\u001b[39m\u001b[0m\n\n      at signup (src/auth.ts:105:11)\n      at Object.<anonymous> (tests/auth.test.ts:97:36)\n\n  ● Email Signup › should reject duplicate email registration\n\n    Not implemented: Email signup feature\n\n    \u001b[0m \u001b[90m 103 |\u001b[39m     \u001b[90m// TODO: Implement email signup\u001b[39m\n     \u001b[90m 104 |\u001b[39m     \u001b[90m// This is intentionally left unimplemented for VibeCI to complete\u001b[39m\n    \u001b[31m\u001b[1m>\u001b[22m\u001b[39m\u001b[90m 105 |\u001b[39m     \u001b[36mthrow\u001b[39m \u001b[36mnew\u001b[39m \u001b[33mError\u001b[39m(\u001b[32m'Not implemented: Email signup feature'\u001b[39m)\u001b[33m;\u001b[39m\n     \u001b[90m     |\u001b[39m           \u001b[31m\u001b[1m^\u001b[22m\u001b[39m\n     \u001b[90m 106 |\u001b[39m }\n     \u001b[90m 107 |\u001b[39m\n     \u001b[90m 108 |\u001b[39m \u001b[90m/**\u001b[39m\u001b[0m\n\n      at signup (src/auth.ts:105:11)\n      at Object.<anonymous> (tests/auth.test.ts:108:21)\n\n  ● Email Signup › should enforce rate limiting on signup attempts\n\n    Not implemented: Email signup feature\n\n    \u001b[0m \u001b[90m 103 |\u001b[39m     \u001b[90m// TODO: Implement email signup\u001b[39m\n     \u001b[90m 104 |\u001b[39m     \u001b[90m// This is intentionally left unimplemented for VibeCI to complete\u001b[39m\n    \u001b[31m\u001b[1m>\u001b[22m\u001b[39m\u001b[90m 105 |\u001b[39m     \u001b[36mthrow\u001b[39m \u001b[36mnew\u001b[39m \u001b[33mError\u001b[39m(\u001b[32m'Not implemented: Email signup feature'\u001b[39m)\u001b[33m;\u001b[39m\n     \u001b[90m     |\u001b[39m           \u001b[31m\u001b[1m^\u001b[22m\u001b[39m\n     \u001b[90m 106 |\u001b[39m }\n     \u001b[90m 107 |\u001b[39m\n     \u001b[90m 108 |\u001b[39m \u001b[90m/**\u001b[39m\u001b[0m\n\n      at signup (src/auth.ts:105:11)\n      at Object.<anonymous> (tests/auth.test.ts:134:36)\n\n  ● Email Signup › should hash password before storing\n\n    Not implemented: Email signup feature\n\n    \u001b[0m \u001b[90m 103 |\u001b[39m     \u001b[90m// TODO: Implement email signup\u001b[39m\n     \u001b[90m 104 |\u001b[39m     \u001b[90m// This is intentionally left unimplemented for VibeCI to complete\u001b[39m\n    \u001b[31m\u001b[1m>\u001b[22m\u001b[39m\u001b[90m 105 |\u001b[39m     \u001b[36mthrow\u001b[39m \u001b[36mnew\u001b[39m \u001b[33mError\u001b[39m(\u001b[32m'Not implemented: Email signup feature'\u001b[39m)\u001b[33m;\u001b[39m\n     \u001b[90m     |\u001b[39m           \u001b[31m\u001b[1m^\u001b[22m\u001b[39m\n     \u001b[90m 106 |\u001b[39m }\n     \u001b[90m 107 |\u001b[39m\n     \u001b[90m 108 |\u001b[39m \u001b[90m/**\u001b[39m\u001b[0m\n\n      at signup (src/auth.ts:105:11)\n      at Object.<anonymous> (tests/auth.test.ts:145:21)\n\n  ● Login › should login successfully after signup\n\n    Not implemented: Email signup feature\n\n    \u001b[0m \u001b[90m 103 |\u001b[39m     \u001b[90m// TODO: Implement email signup\u001b[39m\n     \u001b[90m 104 |\u001b[39m     \u001b[90m// This is intentionally left unimplemented for VibeCI to complete\u001b[39m\n    \u001b[31m\u001b[1m>\u001b[22m\u001b[39m\u001b[90m 105 |\u001b[39m     \u001b[36mthrow\u001b[39m \u001b[36mnew\u001b[39m \u001b[33mError\u001b[39m(\u001b[32m'Not implemented: Email signup feature'\u001b[39m)\u001b[33m;\u001b[39m\n     \u001b[90m     |\u001b[39m           \u001b[31m\u001b[1m^\u001b[22m\u001b[39m\n     \u001b[90m 106 |\u001b[39m }\n     \u001b[90m 107 |\u001b[39m\n     \u001b[90m 108 |\u001b[39m \u001b[90m/**\u001b[39m\u001b[0m\n\n      at signup (src/auth.ts:105:11)\n      at Object.<anonymous> (tests/auth.test.ts:164:21)\n\n  ● Login › should reject login with wrong password\n\n    Not implemented: Email signup feature\n\n    \u001b[0m \u001b[90m 103 |\u001b[39m     \u001b[90m// TODO: Implement email signup\u001b[39m\n     \u001b[90m 104 |\u001b[39m     \u001b[90m// This is intentionally left unimplemented for VibeCI to complete\u001b[39m\n    \u001b[31m\u001b[1m>\u001b[22m\u001b[39m\u001b[90m 105 |\u001b[39m     \u001b[36mthrow\u001b[39m \u001b[36mnew\u001b[39m \u001b[33mError\u001b[39m(\u001b[32m'Not implemented: Email signup feature'\u001b[39m)\u001b[33m;\u001b[39m\n     \u001b[90m     |\u001b[39m           \u001b[31m\u001b[1m^\u001b[22m\u001b[39m\n     \u001b[90m 106 |\u001b[39m }\n     \u001b[90m 107 |\u001b[39m\n     \u001b[90m 108 |\u001b[39m \u001b[90m/**\u001b[39m\u001b[0m\n\n      at signup (src/auth.ts:105:11)\n      at Object.<anonymous> (tests/auth.test.ts:176:21)\n","name":"C:\\client\\VibeCI\\demo_repo\\tests\\auth.test.ts","startTime":1768295990965,"status":"failed","summary":""}],"wasInterrupted":false}
